<?xml version="1.0" encoding="UTF-8"?>
<!-- Generated by org.testng.reporters.JUnitReportReporter -->
<testsuite skipped="0" hostname="manjit-Vostro-1015" name="radiocheck.HandleCheckBox" tests="1" failures="0" timestamp="16 Oct 2018 16:43:42 GMT" time="21.330" errors="0">
  <testcase name="verifyCheckbox" time="21.330" classname="radiocheck.HandleCheckBox"/>
</testsuite> <!-- radiocheck.HandleCheckBox -->
