<?xml version="1.0" encoding="UTF-8"?>
<!-- Generated by org.testng.reporters.JUnitReportReporter -->
<testsuite skipped="0" hostname="manjit-Vostro-1015" name="SelectandTakeScreen.Lab1" tests="1" failures="0" timestamp="12 Oct 2018 17:46:53 GMT" time="31.158" errors="0">
  <testcase name="selectDropdown" time="31.158" classname="SelectandTakeScreen.Lab1"/>
</testsuite> <!-- SelectandTakeScreen.Lab1 -->
