<?xml version="1.0" encoding="UTF-8"?>
<!-- Generated by org.testng.reporters.JUnitReportReporter -->
<testsuite skipped="0" hostname="manjit-Vostro-1015" name="radiocheck.HandleRadioButton" tests="1" failures="0" timestamp="16 Oct 2018 15:28:10 GMT" time="17.259" errors="0">
  <testcase name="verifyRadio" time="17.259" classname="radiocheck.HandleRadioButton"/>
</testsuite> <!-- radiocheck.HandleRadioButton -->
