<?xml version="1.0" encoding="UTF-8"?>
<!-- Generated by org.testng.reporters.JUnitReportReporter -->
<testsuite skipped="0" hostname="manjit-Vostro-1015" name="com.frame.DragAndDrop" tests="1" failures="0" timestamp="12 Feb 2019 05:24:12 GMT" time="18.212" errors="0">
  <testcase name="drag" time="18.212" classname="com.frame.DragAndDrop"/>
</testsuite> <!-- com.frame.DragAndDrop -->
