<?xml version="1.0" encoding="UTF-8"?>
<!-- Generated by org.testng.reporters.JUnitReportReporter -->
<testsuite skipped="0" hostname="manjit-Vostro-1015" name="SelectandTakeScreen.Excel" tests="1" failures="0" timestamp="12 Oct 2018 19:20:27 GMT" time="4.801" errors="0">
  <testcase name="verifydata" time="4.801" classname="SelectandTakeScreen.Excel"/>
</testsuite> <!-- SelectandTakeScreen.Excel -->
