<?xml version="1.0" encoding="UTF-8"?>
<!-- Generated by org.testng.reporters.JUnitReportReporter -->
<testsuite skipped="0" hostname="manjit-Vostro-1015" name="SelectandTakeScreen.Capturedata" tests="1" failures="0" timestamp="16 Oct 2018 14:43:10 GMT" time="33.392" errors="0">
  <testcase name="facebook" time="33.392" classname="SelectandTakeScreen.Capturedata"/>
</testsuite> <!-- SelectandTakeScreen.Capturedata -->
