<?xml version="1.0" encoding="UTF-8"?>
<!-- Generated by org.testng.reporters.JUnitReportReporter -->
<testsuite skipped="0" hostname="manjit-Vostro-1015" name="SelectandTakeScreen.DynamicDropDown" tests="1" failures="0" timestamp="18 Jan 2019 07:20:17 GMT" time="41.306" errors="0">
  <testcase name="dynamic" time="41.306" classname="SelectandTakeScreen.DynamicDropDown"/>
</testsuite> <!-- SelectandTakeScreen.DynamicDropDown -->
