<?xml version="1.0" encoding="UTF-8"?>
<!-- Generated by org.testng.reporters.JUnitReportReporter -->
<testsuite skipped="0" hostname="manjit-Vostro-1015" name="com.frame.Lab" tests="1" failures="0" timestamp="12 Feb 2019 04:38:23 GMT" time="49.825" errors="0">
  <testcase name="frameHandling" time="49.825" classname="com.frame.Lab"/>
</testsuite> <!-- com.frame.Lab -->
